python : Traceback (most recent call last):
At line:1 char:127
+ ... t-Sleep -Seconds 2; python scripts\test_all_endpoints.py 2>&1 | Tee-O ...
+                         ~~~~~~~~~~~~~~~~~~~~~~~~~~~~~~~~~~~~~~~~~
    + CategoryInfo          : NotSpecified: (Traceback (most recent call last)::String) [], RemoteException
    + FullyQualifiedErrorId : NativeCommandError
 
  File "C:\Users\alame\Desktop\repo-root\backend\scripts\test_all_endpoints.py", line 326, in <module>
    main()
  File "C:\Users\alame\Desktop\repo-root\backend\scripts\test_all_endpoints.py", line 302, in main
    print("\n\U0001f680 Starting AgriProfit V1 API Testing...")
  File "C:\Users\alame\AppData\Local\Programs\Python\Python312\Lib\encodings\cp1252.py", line 19, in encode
    return codecs.charmap_encode(input,self.errors,encoding_table)[0]
           ^^^^^^^^^^^^^^^^^^^^^^^^^^^^^^^^^^^^^^^^^^^^^^^^^^^^^^^
UnicodeEncodeError: 'charmap' codec can't encode character '\U0001f680' in position 2: character maps to <undefined>
